#-----------------------------------------------------------
# Vivado v2020.2 (64-bit)
# SW Build 3064766 on Wed Nov 18 09:12:45 MST 2020
# IP Build 3064653 on Wed Nov 18 14:17:31 MST 2020
# Start of session at: Wed Mar 27 19:26:18 2024
# Process ID: 6088
# Current directory: D:/VivadoLibrary/Semafor
# Command line: vivado.exe -gui_launcher_event rodinguilauncherevent84 D:\VivadoLibrary\Semafor\Semafor.xpr
# Log file: D:/VivadoLibrary/Semafor/vivado.log
# Journal file: D:/VivadoLibrary/Semafor\vivado.jou
#-----------------------------------------------------------
start_gui
open_project D:/VivadoLibrary/Semafor/Semafor.xpr
WARNING: [filemgmt 56-3] Default IP Output Path : Could not find the directory 'D:/VivadoLibrary/Semafor/Semafor.gen/sources_1'.
Scanning sources...
Finished scanning sources
INFO: [IP_Flow 19-234] Refreshing IP repositories
INFO: [IP_Flow 19-1704] No user IP repositories specified
INFO: [IP_Flow 19-2313] Loaded Vivado IP repository 'D:/Vivado/Vivado/2020.2/data/ip'.
open_project: Time (s): cpu = 00:00:25 ; elapsed = 00:00:10 . Memory (MB): peak = 1016.094 ; gain = 0.000
update_compile_order -fileset sources_1
exit
INFO: [Common 17-206] Exiting Vivado at Wed Mar 27 19:27:36 2024...
